<?xml version="1.0" encoding="utf-8"?><testsuites name="pytest tests"><testsuite name="pytest" errors="0" failures="0" skipped="0" tests="8" time="37.790" timestamp="2026-05-02T18:51:17.256141+00:00" hostname="agent-env-7d850014-3014-4db9-8144-1e6936db3248"><testcase classname="backend.tests.backend_test.TestHealth" name="test_root" time="0.282" /><testcase classname="backend.tests.backend_test.TestTools" name="test_tools_shape" time="0.059" /><testcase classname="backend.tests.backend_test.TestAIGenerate" name="test_resume_en" time="19.095" /><testcase classname="backend.tests.backend_test.TestAIGenerate" name="test_content_gen_hinglish" time="16.266" /><testcase classname="backend.tests.backend_test.TestAIGenerate" name="test_invalid_tool" time="0.051" /><testcase classname="backend.tests.backend_test.TestChat" name="test_chat_returns_reply" time="1.685" /><testcase classname="backend.tests.backend_test.TestWaitlist" name="test_waitlist_create_and_idempotent" time="0.142" /><testcase classname="backend.tests.backend_test.TestWaitlist" name="test_waitlist_count" time="0.050" /></testsuite></testsuites>